<?xml version="1.0" encoding="UTF-8"?>
<!-- Generated by org.testng.reporters.JUnitReportReporter -->
<testsuite hostname="Tasnim" failures="0" tests="5" name="home.TestCheckEdition" time="72.470" errors="0" timestamp="2019-10-12T06:24:58 EDT" skipped="0">
  <testcase classname="home.TestCheckEdition" name="testCheckEdition" time="15.376"/>
  <testcase classname="home.TestCheckEdition" name="checkArabicEdition" time="16.191"/>
  <testcase classname="home.TestCheckEdition" name="checkUSEdition" time="13.336"/>
  <testcase classname="home.TestCheckEdition" name="checkEspanolEdition" time="13.755"/>
  <testcase classname="home.TestCheckEdition" name="checkInternationalEd" time="13.812"/>
</testsuite> <!-- home.TestCheckEdition -->
