<?xml version="1.0" encoding="UTF-8"?>
<!-- Generated by org.testng.reporters.JUnitReportReporter -->
<testsuite hostname="Tasnim" failures="0" tests="18" name="home.TestSearchPage" time="249.109" errors="0" timestamp="2019-10-12T06:24:58 EDT" skipped="0">
  <testcase classname="home.TestSearchPage" name="testDigitalStudiosPage" time="15.250"/>
  <testcase classname="home.TestSearchPage" name="navigateToTravelPage" time="10.386"/>
  <testcase classname="home.TestSearchPage" name="testInnovativeCitiesPage" time="13.955"/>
  <testcase classname="home.TestSearchPage" name="navigateToEntertainmentPage" time="14.260"/>
  <testcase classname="home.TestSearchPage" name="navigateToStylePage" time="14.210"/>
  <testcase classname="home.TestSearchPage" name="navigateToWorldSection" time="15.682"/>
  <testcase classname="home.TestSearchPage" name="testEuropeSection" time="15.490"/>
  <testcase classname="home.TestSearchPage" name="navigateToOpinionPage" time="12.764"/>
  <testcase classname="home.TestSearchPage" name="navigateTovVdeosPage" time="12.700"/>
  <testcase classname="home.TestSearchPage" name="testAsiaPage" time="22.464"/>
  <testcase classname="home.TestSearchPage" name="navigateToSportsPage" time="14.557"/>
  <testcase classname="home.TestSearchPage" name="navigateToUsSection" time="13.579"/>
  <testcase classname="home.TestSearchPage" name="testSearchCoupons" time="9.437"/>
  <testcase classname="home.TestSearchPage" name="navigateToHealthPage" time="11.238"/>
  <testcase classname="home.TestSearchPage" name="navigateToBusinessPage" time="13.347"/>
  <testcase classname="home.TestSearchPage" name="testCNNFilmsPage" time="14.492"/>
  <testcase classname="home.TestSearchPage" name="checkTechPage" time="10.914"/>
  <testcase classname="home.TestSearchPage" name="navigateToPoliticsSection" time="14.384"/>
</testsuite> <!-- home.TestSearchPage -->
