<?xml version="1.0" encoding="UTF-8"?>
<!-- Generated by org.testng.reporters.JUnitReportReporter -->
<testsuite hostname="Tasnim" failures="0" tests="24" name="home.TestFooterTabs" time="322.924" errors="0" timestamp="2019-10-12T06:24:58 EDT" skipped="0">
  <testcase classname="home.TestFooterTabs" name="goToCNNStore" time="13.439"/>
  <testcase classname="home.TestFooterTabs" name="getCNNStudioTours" time="11.646"/>
  <testcase classname="home.TestFooterTabs" name="getCNNNewSource" time="24.162"/>
  <testcase classname="home.TestFooterTabs" name="getAdChoices" time="9.804"/>
  <testcase classname="home.TestFooterTabs" name="getSiteMap" time="12.667"/>
  <testcase classname="home.TestFooterTabs" name="testArchitecturePage" time="12.520"/>
  <testcase classname="home.TestFooterTabs" name="getTranscript" time="10.193"/>
  <testcase classname="home.TestFooterTabs" name="goToFitness" time="15.046"/>
  <testcase classname="home.TestFooterTabs" name="goToStyle" time="12.263"/>
  <testcase classname="home.TestFooterTabs" name="goToLongForm" time="14.721"/>
  <testcase classname="home.TestFooterTabs" name="goToNewsletter" time="14.263"/>
  <testcase classname="home.TestFooterTabs" name="getTermsOfsUse" time="16.671"/>
  <testcase classname="home.TestFooterTabs" name="getPrivacyPolicy" time="13.249"/>
  <testcase classname="home.TestFooterTabs" name="goToCnnVr" time="12.641"/>
  <testcase classname="home.TestFooterTabs" name="licenseFootage" time="10.090"/>
  <testcase classname="home.TestFooterTabs" name="testPlayPage" time="13.953"/>
  <testcase classname="home.TestFooterTabs" name="testFactsSection" time="15.710"/>
  <testcase classname="home.TestFooterTabs" name="get2019Elections" time="13.595"/>
  <testcase classname="home.TestFooterTabs" name="goToAmericas" time="13.825"/>
  <testcase classname="home.TestFooterTabs" name="getAboutUs" time="12.892"/>
  <testcase classname="home.TestFooterTabs" name="goToCnnLead" time="13.447"/>
  <testcase classname="home.TestFooterTabs" name="goToTech" time="13.222"/>
  <testcase classname="home.TestFooterTabs" name="testParentingSection" time="9.820"/>
  <testcase classname="home.TestFooterTabs" name="getAccessibilityAndCc" time="13.085"/>
</testsuite> <!-- home.TestFooterTabs -->
