<?xml version="1.0" encoding="UTF-8"?>
<!-- Generated by org.testng.reporters.JUnitReportReporter -->
<testsuite hostname="Tasnim" failures="0" tests="16" name="home.TestCnnCareers" time="218.577" errors="0" timestamp="2019-10-12T06:24:58 EDT" skipped="0">
  <testcase classname="home.TestCnnCareers" name="filterByCountryUsa" time="9.960"/>
  <testcase classname="home.TestCnnCareers" name="signUpForNewsLetter" time="14.906"/>
  <testcase classname="home.TestCnnCareers" name="filterByCountry" time="13.432"/>
  <testcase classname="home.TestCnnCareers" name="checkCareersUrl" time="12.930"/>
  <testcase classname="home.TestCnnCareers" name="filterByBusinessDevJobs" time="14.552"/>
  <testcase classname="home.TestCnnCareers" name="getNews" time="10.886"/>
  <testcase classname="home.TestCnnCareers" name="scrollToViewCnnCareers" time="12.196"/>
  <testcase classname="home.TestCnnCareers" name="searchTechJobs" time="13.778"/>
  <testcase classname="home.TestCnnCareers" name="findInnovativeCities" time="9.811"/>
  <testcase classname="home.TestCnnCareers" name="searchAdminJobs" time="13.136"/>
  <testcase classname="home.TestCnnCareers" name="filterByAdminJobs" time="27.683"/>
  <testcase classname="home.TestCnnCareers" name="filterByAnalyticsJobs" time="13.089"/>
  <testcase classname="home.TestCnnCareers" name="searchFinanceJobs" time="12.616"/>
  <testcase classname="home.TestCnnCareers" name="getITJobs" time="16.374"/>
  <testcase classname="home.TestCnnCareers" name="getSports" time="9.996"/>
  <testcase classname="home.TestCnnCareers" name="findCnnLeadership" time="13.232"/>
</testsuite> <!-- home.TestCnnCareers -->
