<?xml version="1.0" encoding="UTF-8"?>
<!-- Generated by org.testng.reporters.JUnitReportReporter -->
<testsuite hostname="Tasnim" failures="0" tests="1" name="home.TestCheckTitle" time="12.989" errors="0" timestamp="2019-10-12T06:24:58 EDT" skipped="0">
  <testcase classname="home.TestCheckTitle" name="checkTitle" time="12.989"/>
</testsuite> <!-- home.TestCheckTitle -->
