<?xml version="1.0" encoding="UTF-8"?>
<!-- Generated by org.testng.reporters.JUnitReportReporter -->
<testsuite hostname="Tasnim" failures="0" tests="5" name="home.TestLive" time="67.712" errors="0" timestamp="2019-10-12T06:24:58 EDT" skipped="0">
  <testcase classname="home.TestLive" name="viewShows" time="13.236"/>
  <testcase classname="home.TestLive" name="viewSettings" time="14.449"/>
  <testcase classname="home.TestLive" name="viewChannels" time="12.163"/>
  <testcase classname="home.TestLive" name="checkLiveUpdates" time="13.441"/>
  <testcase classname="home.TestLive" name="testLive" time="14.423"/>
</testsuite> <!-- home.TestLive -->
