<?xml version="1.0" encoding="UTF-8"?>
<!-- Generated by org.testng.reporters.JUnitReportReporter -->
<testsuite hostname="Tasnim" failures="0" tests="26" name="home.TestTypeText" time="336.976" errors="0" timestamp="2019-10-12T06:24:58 EDT" skipped="0">
  <testcase classname="home.TestTypeText" name="typeRecent" time="14.793"/>
  <testcase classname="home.TestTypeText" name="typeSamSung" time="10.258"/>
  <testcase classname="home.TestTypeText" name="typeJustinBieber" time="15.381"/>
  <testcase classname="home.TestTypeText" name="typeImpeachment" time="17.280"/>
  <testcase classname="home.TestTypeText" name="typeMichellePhan" time="13.564"/>
  <testcase classname="home.TestTypeText" name="typeNYPD" time="13.291"/>
  <testcase classname="home.TestTypeText" name="typeIphonePro" time="11.909"/>
  <testcase classname="home.TestTypeText" name="typeJoeBiden" time="12.473"/>
  <testcase classname="home.TestTypeText" name="typeUnemployment" time="12.821"/>
  <testcase classname="home.TestTypeText" name="typeNasa" time="12.877"/>
  <testcase classname="home.TestTypeText" name="typeMta" time="15.120"/>
  <testcase classname="home.TestTypeText" name="typeFBI" time="9.780"/>
  <testcase classname="home.TestTypeText" name="typeIphone" time="14.156"/>
  <testcase classname="home.TestTypeText" name="typeTrump" time="13.165"/>
  <testcase classname="home.TestTypeText" name="typeNYSubway" time="13.227"/>
  <testcase classname="home.TestTypeText" name="typeConstitution" time="10.703"/>
  <testcase classname="home.TestTypeText" name="typeRepublicans" time="9.819"/>
  <testcase classname="home.TestTypeText" name="typeVoting" time="13.599"/>
  <testcase classname="home.TestTypeText" name="typeGadget" time="9.867"/>
  <testcase classname="home.TestTypeText" name="typeNancyPelosi" time="11.969"/>
  <testcase classname="home.TestTypeText" name="typeEconomy" time="12.994"/>
  <testcase classname="home.TestTypeText" name="typeCollege" time="13.626"/>
  <testcase classname="home.TestTypeText" name="typeDemocrats" time="14.139"/>
  <testcase classname="home.TestTypeText" name="typeBusiness" time="13.092"/>
  <testcase classname="home.TestTypeText" name="typeTechnology" time="13.291"/>
  <testcase classname="home.TestTypeText" name="typeGmMode" time="13.782"/>
</testsuite> <!-- home.TestTypeText -->
