<?xml version="1.0" encoding="UTF-8"?>
<!-- Generated by org.testng.reporters.JUnitReportReporter -->
<testsuite hostname="Tasnim" failures="0" tests="25" name="home.TestSearchText" time="316.290" errors="0" timestamp="2019-10-12T06:24:58 EDT" skipped="0">
  <testcase classname="home.TestSearchText" name="searchGadgets" time="10.983"/>
  <testcase classname="home.TestSearchText" name="searchTvSchedule" time="12.587"/>
  <testcase classname="home.TestSearchText" name="getCongress" time="13.308"/>
  <testcase classname="home.TestSearchText" name="searchCollegeFootball" time="14.522"/>
  <testcase classname="home.TestSearchText" name="testSearchFood" time="13.619"/>
  <testcase classname="home.TestSearchText" name="followOnTwitter" time="14.007"/>
  <testcase classname="home.TestSearchText" name="searchPhotos" time="11.282"/>
  <testcase classname="home.TestSearchText" name="searchLifestyle" time="14.154"/>
  <testcase classname="home.TestSearchText" name="searchFashion" time="14.923"/>
  <testcase classname="home.TestSearchText" name="searchUSCrime" time="13.780"/>
  <testcase classname="home.TestSearchText" name="searchNews" time="12.683"/>
  <testcase classname="home.TestSearchText" name="searchBangladesh" time="13.427"/>
  <testcase classname="home.TestSearchText" name="searchUS" time="10.391"/>
  <testcase classname="home.TestSearchText" name="searchEnergy" time="13.887"/>
  <testcase classname="home.TestSearchText" name="cnnCareers" time="12.894"/>
  <testcase classname="home.TestSearchText" name="searchOlympics" time="12.932"/>
  <testcase classname="home.TestSearchText" name="followOnInstagram" time="9.973"/>
  <testcase classname="home.TestSearchText" name="searchMedia" time="14.310"/>
  <testcase classname="home.TestSearchText" name="followOnFacebook" time="10.459"/>
  <testcase classname="home.TestSearchText" name="searchSocial" time="10.637"/>
  <testcase classname="home.TestSearchText" name="searchOpinion" time="13.178"/>
  <testcase classname="home.TestSearchText" name="searchBasketball" time="10.826"/>
  <testcase classname="home.TestSearchText" name="searchWeather" time="14.398"/>
  <testcase classname="home.TestSearchText" name="searchCNNProfile" time="10.650"/>
  <testcase classname="home.TestSearchText" name="getChina" time="12.480"/>
</testsuite> <!-- home.TestSearchText -->
